<?xml version="1.0" encoding="UTF-8"?>
<testng-results skipped="0" failed="0" ignored="0" total="1" passed="1">
  <reporter-output>
  </reporter-output>
  <suite name="Default suite" duration-ms="69990" started-at="2018-01-25T14:40:41Z" finished-at="2018-01-25T14:41:51Z">
    <groups>
    </groups>
    <test name="Default test" duration-ms="69990" started-at="2018-01-25T14:40:41Z" finished-at="2018-01-25T14:41:51Z">
      <class name="com.wordpress.TestCases.VerifyValidLogin">
        <test-method status="PASS" signature="checkValidUser()[pri:0, instance:com.wordpress.TestCases.VerifyValidLogin@38bc8ab5]" name="checkValidUser" duration-ms="69899" started-at="2018-01-25T20:10:41Z" finished-at="2018-01-25T20:11:51Z">
          <reporter-output>
          </reporter-output>
        </test-method> <!-- checkValidUser -->
      </class> <!-- com.wordpress.TestCases.VerifyValidLogin -->
    </test> <!-- Default test -->
  </suite> <!-- Default suite -->
</testng-results>
