<?xml version="1.0" encoding="UTF-8"?>
<!-- Generated by org.testng.reporters.JUnitXMLReporter -->
<testsuite hostname="vikash-HP" ignored="5" name="Test Annotations" tests="5" failures="0" timestamp="12 Jan 2018 06:41:02 GMT" time="0.06" errors="0">
  <testcase name="f2" time="0.01" classname="com.testNG.test.TestGrouping"/>
  <testcase name="m1" time="0.01" classname="com.testNG.test.TestGroupingNew"/>
  <testcase name="m2" time="0.0" classname="com.testNG.test.TestGroupingNew"/>
  <testcase name="m3" time="0.0" classname="com.testNG.test.TestGroupingNew"/>
  <testcase name="m4" time="0.0" classname="com.testNG.test.TestGroupingNew"/>
  <testcase name="f6" time="0.0" classname="com.testNG.test.TestGrouping">
    <ignored/>
  </testcase> <!-- f6 -->
  <testcase name="f3" time="0.0" classname="com.testNG.test.TestGrouping">
    <ignored/>
  </testcase> <!-- f3 -->
  <testcase name="f4" time="0.0" classname="com.testNG.test.TestGrouping">
    <ignored/>
  </testcase> <!-- f4 -->
  <testcase name="f5" time="0.0" classname="com.testNG.test.TestGrouping">
    <ignored/>
  </testcase> <!-- f5 -->
  <testcase name="f1" time="0.0" classname="com.testNG.test.TestGrouping">
    <ignored/>
  </testcase> <!-- f1 -->
</testsuite> <!-- Test Annotations -->
