<?xml version="1.0" encoding="UTF-8"?>
<!-- Generated by org.testng.reporters.JUnitXMLReporter -->
<testsuite hostname="vikash-HP" ignored="0" name="Test Assertion" tests="2" failures="1" timestamp="12 Jan 2018 10:32:57 GMT" time="13.078" errors="0">
  <testcase name="getTitle" time="0.022" classname="com.testNG.test.TestNGAssertion"/>
  <testcase name="testEquility" time="0.002" classname="com.testNG.test.TestNGAssertion">
    <failure type="java.lang.AssertionError" message="expected [false] but found [true]">
      <![CDATA[java.lang.AssertionError: expected [false] but found [true]at com.testNG.test.TestNGAssertion.testEquility(TestNGAssertion.java:41)... Removed 31 stack frames]]>
    </failure>
  </testcase> <!-- testEquility -->
</testsuite> <!-- Test Assertion -->
