<?xml version="1.0" encoding="UTF-8"?>
<!-- Generated by org.testng.reporters.JUnitXMLReporter -->
<testsuite hostname="vikash-HP" ignored="0" name="Test Dependency" tests="4" failures="1" timestamp="12 Jan 2018 10:43:28 GMT" time="56.721" errors="0">
  <testcase name="openBrowser" time="33.25" classname="com.testNG.test.TestDependencyUsingFacebook"/>
  <testcase name="LoginToFacebook" time="9.358" classname="com.testNG.test.TestDependencyUsingFacebook"/>
  <testcase name="getTitle" time="0.033" classname="com.testNG.test.TestNGAssertion"/>
  <testcase name="testEquility" time="0.003" classname="com.testNG.test.TestNGAssertion">
    <failure type="java.lang.AssertionError" message="expected [false] but found [true]">
      <![CDATA[java.lang.AssertionError: expected [false] but found [true]at com.testNG.test.TestNGAssertion.testEquility(TestNGAssertion.java:41)... Removed 31 stack frames]]>
    </failure>
  </testcase> <!-- testEquility -->
</testsuite> <!-- Test Dependency -->
